2021-08-21 00:52:29 debug: Server started and running on port : 3000
2021-08-21 00:52:30 debug: Connection has been established successfully.
2021-08-21 02:53:52 debug: Server started and running on port : 3000
2021-08-21 02:53:52 debug: Connection has been established successfully.
2021-08-21 02:56:30 http: GET / 200 4.280 ms - 111
2021-08-21 02:56:56 debug: Server started and running on port : 3000
2021-08-21 02:56:56 debug: Connection has been established successfully.
2021-08-21 02:57:07 debug: Server started and running on port : 3000
2021-08-21 02:57:07 debug: Connection has been established successfully.
2021-08-21 02:57:24 debug: Server started and running on port : 3000
2021-08-21 02:57:24 debug: Connection has been established successfully.
2021-08-21 02:57:25 http: GET / 200 5.081 ms - 38
2021-08-21 02:58:33 http: POST /users/ 404 2.550 ms - 146
2021-08-21 02:59:04 http: POST /users/signup 400 5.481 ms - 154
2021-08-21 03:01:39 http: GET /api-docs/ 404 0.872 ms - 148
2021-08-21 03:01:47 http: GET /api-docs/ 404 0.676 ms - 148
2021-08-21 03:03:29 http: GET /api-docs/ 404 0.735 ms - 148
2021-08-21 03:04:14 error: undefined
2021-08-21 03:04:14 error: Error message: Invalid salt. Salt must be in the form of: $Vers$log2(NumRounds)$saltvalue,Req details: /users/signup - POST - ::1
2021-08-21 03:04:14 http: POST /users/signup 500 26.062 ms - 88
2021-08-21 03:05:44 debug: Server started and running on port : 3000
2021-08-21 03:05:44 debug: Connection has been established successfully.
2021-08-21 03:05:47 error: undefined
2021-08-21 03:05:47 error: Error message: Invalid salt. Salt must be in the form of: $Vers$log2(NumRounds)$saltvalue,Req details: /users/signup - POST - ::1
2021-08-21 03:05:47 http: POST /users/signup 500 28.227 ms - 88
2021-08-21 03:06:25 info: 10
2021-08-21 03:06:25 debug: Server started and running on port : 3000
2021-08-21 03:06:25 debug: Connection has been established successfully.
2021-08-21 03:09:44 info: 10
2021-08-21 03:09:44 debug: Server started and running on port : 3000
2021-08-21 03:09:44 debug: Connection has been established successfully.
2021-08-21 03:10:14 debug: Server started and running on port : 3000
2021-08-21 03:10:14 debug: Connection has been established successfully.
2021-08-21 03:10:43 debug: Server started and running on port : 3000
2021-08-21 03:10:43 debug: Connection has been established successfully.
2021-08-21 03:10:53 debug: Server started and running on port : 3000
2021-08-21 03:10:53 debug: Connection has been established successfully.
2021-08-21 03:11:28 debug: Server started and running on port : 3000
2021-08-21 03:11:28 debug: Connection has been established successfully.
2021-08-21 03:15:00 debug: Server started and running on port : 3000
2021-08-21 03:15:00 debug: Connection has been established successfully.
2021-08-21 03:16:03 debug: Server started and running on port : 3000
2021-08-21 03:16:03 debug: Connection has been established successfully.
2021-08-21 03:16:49 debug: Server started and running on port : 3000
2021-08-21 03:16:49 debug: Connection has been established successfully.
2021-08-21 03:18:04 debug: Server started and running on port : 3000
2021-08-21 03:18:04 debug: Connection has been established successfully.
2021-08-21 03:20:09 debug: Server started and running on port : 3000
2021-08-21 03:20:09 debug: Connection has been established successfully.
2021-08-21 03:21:39 debug: Server started and running on port : 3000
2021-08-21 03:21:39 debug: Connection has been established successfully.
2021-08-21 03:22:39 debug: Server started and running on port : 3000
2021-08-21 03:22:39 debug: Connection has been established successfully.
2021-08-21 03:22:41 http: POST /users/signup 404 140.346 ms - 38
2021-08-21 03:25:24 error: undefined
2021-08-21 03:25:24 error: Error message: Cannot read property 'then' of undefined,Req details: /users/signup - POST - ::1
2021-08-21 03:25:24 http: POST /users/signup 500 101.031 ms - 54
2021-08-21 03:27:08 debug: Server started and running on port : 3000
2021-08-21 03:27:08 debug: Connection has been established successfully.
2021-08-21 03:27:13 http: POST /users/signup 200 235.366 ms - 24
2021-08-21 03:27:25 debug: Server started and running on port : 3000
2021-08-21 03:27:25 debug: Connection has been established successfully.
2021-08-21 13:26:09 debug: Server started and running on port : 3000
2021-08-21 13:26:10 debug: Connection has been established successfully.
2021-08-21 13:32:27 debug: Server started and running on port : 3000
2021-08-21 13:32:27 debug: Connection has been established successfully.
2021-08-21 13:35:13 debug: Server started and running on port : 3000
2021-08-21 13:35:13 debug: Connection has been established successfully.
2021-08-21 13:39:03 http: POST /users/sigin 404 155.230 ms - 151
2021-08-21 13:41:10 debug: Server started and running on port : 3000
2021-08-21 13:41:10 debug: Connection has been established successfully.
2021-08-21 13:41:25 http: POST /users/sigin 404 17.594 ms - 151
2021-08-21 13:42:43 debug: Server started and running on port : 3000
2021-08-21 13:42:43 debug: Connection has been established successfully.
2021-08-21 13:42:54 debug: Server started and running on port : 3000
2021-08-21 13:42:54 debug: Connection has been established successfully.
2021-08-21 13:42:57 debug: Server started and running on port : 3000
2021-08-21 13:42:57 debug: Connection has been established successfully.
2021-08-21 13:43:31 http: POST /users/sigin 404 17.630 ms - 151
2021-08-21 13:44:26 debug: Server started and running on port : 3000
2021-08-21 13:44:26 debug: Connection has been established successfully.
2021-08-21 13:44:30 http: POST /users/sigin 404 16.198 ms - 151
2021-08-21 13:45:07 debug: Server started and running on port : 3000
2021-08-21 13:45:07 debug: Connection has been established successfully.
2021-08-21 13:45:08 http: POST /users/signin 200 107.390 ms - 263
2021-08-21 13:45:51 debug: Server started and running on port : 3000
2021-08-21 13:45:51 debug: Connection has been established successfully.
2021-08-21 13:45:59 debug: Server started and running on port : 3000
2021-08-21 13:45:59 debug: Connection has been established successfully.
2021-08-21 13:46:31 debug: Server started and running on port : 3000
2021-08-21 13:46:31 debug: Connection has been established successfully.
2021-08-21 13:46:32 http: POST /users/signin 200 105.325 ms - 263
2021-08-21 13:46:41 debug: Server started and running on port : 3000
2021-08-21 13:46:41 debug: Connection has been established successfully.
2021-08-21 13:47:54 http: POST /users/signin 200 110.306 ms - 262
2021-08-21 13:48:45 http: POST /users/signin 200 102.470 ms - 262
2021-08-21 13:49:45 http: POST /users/signin 200 103.646 ms - 262
2021-08-21 13:52:45 http: POST /users/signin 200 206.153 ms - 262
2021-08-21 13:53:19 debug: Auth Success /products - POST - ::1
2021-08-21 13:53:19 http: POST /products 500 3.224 ms - 34
2021-08-21 14:05:50 debug: Auth Success /products - POST - ::1
2021-08-21 14:05:50 http: POST /products 500 2.421 ms - 34
2021-08-21 14:05:57 debug: Auth Success /products - POST - ::1
2021-08-21 14:05:57 http: POST /products 500 1.738 ms - 34
2021-08-21 14:06:42 debug: Server started and running on port : 3000
2021-08-21 14:06:42 debug: Connection has been established successfully.
2021-08-21 14:06:59 debug: Server started and running on port : 3000
2021-08-21 14:06:59 debug: Connection has been established successfully.
2021-08-21 14:07:50 debug: Auth Success /products - POST - ::1
2021-08-21 14:07:50 http: POST /products 404 61.046 ms - 102
2021-08-21 14:09:19 debug: Server started and running on port : 3000
2021-08-21 14:09:20 debug: Connection has been established successfully.
2021-08-21 14:09:22 debug: Auth Success /products - POST - ::1
2021-08-21 14:09:22 http: POST /products 404 38.116 ms - 102
2021-08-21 14:10:41 debug: Server started and running on port : 3000
2021-08-21 14:10:41 debug: Connection has been established successfully.
2021-08-21 14:10:43 debug: Auth Success /products - POST - ::1
2021-08-21 14:10:43 http: POST /products 404 37.956 ms - 102
2021-08-21 14:18:25 debug: Server started and running on port : 3000
2021-08-21 14:18:25 debug: Connection has been established successfully.
2021-08-21 14:18:27 debug: Auth Success /products - POST - ::1
2021-08-21 14:18:27 http: POST /products 404 35.548 ms - 102
2021-08-21 14:19:47 debug: Server started and running on port : 3000
2021-08-21 14:19:47 debug: Connection has been established successfully.
2021-08-21 14:19:52 debug: Auth Success /products - POST - ::1
2021-08-21 14:19:52 http: POST /products 404 37.482 ms - 102
2021-08-21 14:20:43 debug: Server started and running on port : 3000
2021-08-21 14:20:43 debug: Connection has been established successfully.
2021-08-21 14:20:50 debug: Server started and running on port : 3000
2021-08-21 14:20:50 debug: Connection has been established successfully.
2021-08-21 14:22:18 debug: Server started and running on port : 3000
2021-08-21 14:22:18 debug: Connection has been established successfully.
2021-08-21 14:22:23 debug: Auth Success /products - POST - ::1
2021-08-21 14:22:23 http: POST /products 200 122.289 ms - 150
2021-08-21 14:22:38 debug: Server started and running on port : 3000
2021-08-21 14:22:38 debug: Connection has been established successfully.
2021-08-21 14:22:59 debug: Auth Success /products - POST - ::1
2021-08-21 14:22:59 http: POST /products 500 154.326 ms - 85
2021-08-21 14:25:48 debug: Auth Success /products - POST - ::1
2021-08-21 14:25:48 http: POST /products 500 45.670 ms - 101
2021-08-21 14:26:20 debug: Auth Success /products - POST - ::1
2021-08-21 14:26:21 http: POST /products 200 122.117 ms - 224
2021-08-21 14:26:33 debug: Server started and running on port : 3000
2021-08-21 14:26:33 debug: Connection has been established successfully.
2021-08-21 14:29:10 debug: Auth Success /products - POST - ::1
2021-08-21 14:29:10 http: POST /products 200 99.155 ms - 269
2021-08-21 14:30:20 debug: Auth Success /products - GET - ::1
2021-08-21 14:30:20 http: GET /products 200 39.940 ms - 955
2021-08-21 14:34:36 debug: Server started and running on port : 3000
2021-08-21 14:34:36 debug: Connection has been established successfully.
2021-08-21 14:35:48 debug: Server started and running on port : 3000
2021-08-21 14:35:49 debug: Connection has been established successfully.
2021-08-21 14:35:53 debug: Auth Success /products - GET - ::1
2021-08-21 14:35:53 http: GET /products 200 22.680 ms - 973
2021-08-21 14:43:19 debug: Server started and running on port : 3000
2021-08-21 14:43:19 debug: Connection has been established successfully.
2021-08-21 14:43:25 debug: Auth Success /products - GET - ::1
2021-08-21 14:43:25 http: GET /products 200 17.722 ms - 485
2021-08-21 14:43:42 debug: Server started and running on port : 3000
2021-08-21 14:43:42 debug: Connection has been established successfully.
2021-08-21 14:44:11 debug: Server started and running on port : 3000
2021-08-21 14:44:11 debug: Connection has been established successfully.
2021-08-21 14:44:15 debug: Auth Success /products - GET - ::1
2021-08-21 14:44:15 http: GET /products 200 11.900 ms - 485
2021-08-21 14:47:39 debug: Server started and running on port : 3000
2021-08-21 14:47:39 debug: Connection has been established successfully.
2021-08-21 14:48:37 debug: Server started and running on port : 3000
2021-08-21 14:48:37 debug: Connection has been established successfully.
2021-08-21 14:49:10 error: Auth failed /products/2 - PATCH - ::1 - /2
2021-08-21 14:49:10 http: PATCH /products/2 401 20.408 ms - 25
2021-08-21 14:49:19 debug: Auth Success /products/2 - PATCH - ::1
2021-08-21 14:49:19 http: PATCH /products/2 404 5.233 ms - 151
2021-08-21 14:52:16 debug: Server started and running on port : 3000
2021-08-21 14:52:16 debug: Connection has been established successfully.
2021-08-21 14:52:19 debug: Auth Success /products/2 - PATCH - ::1
2021-08-21 14:52:19 http: PATCH /products/2 404 22.944 ms - 151
2021-08-21 14:52:54 debug: Server started and running on port : 3000
2021-08-21 14:52:54 debug: Connection has been established successfully.
2021-08-21 14:52:57 error: Auth failed /products/2 - PATCH - ::1 - /2
2021-08-21 14:52:57 http: PATCH /products/2 401 20.962 ms - 25
2021-08-21 14:53:42 error: Auth failed /products - PATCH - ::1 - /
2021-08-21 14:53:42 http: PATCH /products 401 2.979 ms - 25
2021-08-21 14:53:46 error: Auth failed /products - PATCH - ::1 - /
2021-08-21 14:53:46 http: PATCH /products 401 2.515 ms - 25
2021-08-21 14:53:57 http: POST /users/signin 200 135.943 ms - 262
2021-08-21 14:54:10 debug: Auth Success /products - PATCH - ::1
2021-08-21 14:54:10 http: PATCH /products 500 2.846 ms - 43
2021-08-21 14:54:40 debug: Server started and running on port : 3000
2021-08-21 14:54:40 debug: Connection has been established successfully.
2021-08-21 14:54:50 debug: Auth Success /products/2 - PATCH - ::1
2021-08-21 14:54:50 http: PATCH /products/2 200 263.707 ms - 29
2021-08-21 14:54:57 debug: Server started and running on port : 3000
2021-08-21 14:54:57 debug: Connection has been established successfully.
2021-08-21 14:58:30 debug: Auth Success /products - DELETE - ::1
2021-08-21 14:58:30 http: DELETE /products 404 8.106 ms - 150
2021-08-21 14:59:12 debug: Auth Success /products/ - DELETE - ::1
2021-08-21 14:59:12 http: DELETE /products/ 404 2.335 ms - 151
2021-08-21 14:59:17 debug: Auth Success /products/0 - DELETE - ::1
2021-08-21 14:59:18 http: DELETE /products/0 200 38.094 ms - 29
2021-08-21 14:59:34 debug: Auth Success /products/0 - DELETE - ::1
2021-08-21 14:59:34 http: DELETE /products/0 200 13.875 ms - 29
2021-08-21 15:01:13 debug: Auth Success /products/2 - DELETE - ::1
2021-08-21 15:01:13 http: DELETE /products/2 200 120.858 ms - 29
2021-08-21 15:01:51 debug: Server started and running on port : 3000
2021-08-21 15:01:51 debug: Connection has been established successfully.
2021-08-21 15:01:55 debug: Server started and running on port : 3000
2021-08-21 15:01:55 debug: Connection has been established successfully.
2021-08-21 15:02:22 debug: Auth Success /products/2 - DELETE - ::1
2021-08-21 15:02:22 http: DELETE /products/2 200 19.546 ms - 29
2021-08-21 15:02:41 debug: Server started and running on port : 3000
2021-08-21 15:02:41 debug: Connection has been established successfully.
2021-08-21 15:02:50 debug: Server started and running on port : 3000
2021-08-21 15:02:50 debug: Connection has been established successfully.
2021-08-21 15:02:52 debug: Auth Success /products/2 - DELETE - ::1
2021-08-21 15:02:52 http: DELETE /products/2 200 15.088 ms - 29
2021-08-21 15:03:04 error: Auth failed /products - POST - ::1 - /
2021-08-21 15:03:04 http: POST /products 401 29.303 ms - 25
2021-08-21 15:03:24 debug: Auth Success /products - POST - ::1
2021-08-21 15:03:24 http: POST /products 200 109.259 ms - 150
2021-08-21 15:03:32 debug: Auth Success /products/2 - DELETE - ::1
2021-08-21 15:03:32 http: DELETE /products/2 200 13.564 ms - 29
2021-08-21 15:03:42 debug: Auth Success /products - POST - ::1
2021-08-21 15:03:43 http: POST /products 500 48.171 ms - 85
2021-08-21 15:04:47 debug: Server started and running on port : 3000
2021-08-21 15:04:47 debug: Connection has been established successfully.
2021-08-21 15:12:58 debug: Server started and running on port : 3000
2021-08-21 15:12:58 debug: Connection has been established successfully.
2021-08-21 15:14:25 debug: Server started and running on port : 3000
2021-08-21 15:14:25 debug: Connection has been established successfully.
2021-08-21 15:14:35 debug: Auth Success /products/2 - DELETE - ::1
2021-08-21 15:14:35 http: DELETE /products/2 200 25.027 ms - 29
2021-08-21 15:14:45 debug: Auth Success /products - POST - ::1
2021-08-21 15:14:45 http: POST /products 500 81.195 ms - 85
2021-08-21 15:15:34 debug: Auth Success /products//6 - DELETE - ::1
2021-08-21 15:15:34 http: DELETE /products//6 200 109.582 ms - 29
2021-08-21 15:15:56 debug: Auth Success /products - POST - ::1
2021-08-21 15:15:56 http: POST /products 200 91.998 ms - 150
2021-08-21 15:16:01 debug: Auth Success /products//6 - DELETE - ::1
2021-08-21 15:16:01 http: DELETE /products//6 200 5.343 ms - 29
2021-08-21 15:16:14 debug: Auth Success /products//9 - DELETE - ::1
2021-08-21 15:16:14 http: DELETE /products//9 200 94.092 ms - 29
2021-08-21 15:18:08 debug: Server started and running on port : 3000
2021-08-21 15:18:08 debug: Connection has been established successfully.
2021-08-21 15:19:01 debug: Server started and running on port : 3000
2021-08-21 15:19:01 debug: Connection has been established successfully.
2021-08-21 15:19:11 debug: Auth Success /products//9 - DELETE - ::1
2021-08-21 15:19:11 http: DELETE /products//9 404 20.907 ms - 32
2021-08-21 15:19:23 debug: Auth Success /products//9 - DELETE - ::1
2021-08-21 15:19:23 http: DELETE /products//9 404 27.237 ms - 32
2021-08-21 15:19:59 debug: Auth Success /products - POST - ::1
2021-08-21 15:19:59 http: POST /products 200 85.207 ms - 150
2021-08-21 15:20:13 debug: Auth Success /products//10 - DELETE - ::1
2021-08-21 15:20:13 http: DELETE /products//10 200 222.987 ms - 29
2021-08-21 15:20:49 debug: Server started and running on port : 3000
2021-08-21 15:20:49 debug: Connection has been established successfully.
2021-08-21 15:21:00 debug: Auth Success /products - POST - ::1
2021-08-21 15:21:01 http: POST /products 200 107.455 ms - 150
2021-08-21 15:21:03 debug: Auth Success /products - POST - ::1
2021-08-21 15:21:03 http: POST /products 500 43.689 ms - 85
2021-08-21 15:21:22 debug: Auth Success /products/2 - PATCH - ::1
2021-08-21 15:21:23 http: PATCH /products/2 200 36.916 ms - 29
2021-08-21 15:22:01 debug: Auth Success /products/11 - PATCH - ::1
2021-08-21 15:22:01 http: PATCH /products/11 200 60.736 ms - 29
2021-08-21 15:22:33 debug: Server started and running on port : 3000
2021-08-21 15:22:33 debug: Connection has been established successfully.
2021-08-21 15:23:08 debug: Server started and running on port : 3000
2021-08-21 15:23:08 debug: Connection has been established successfully.
2021-08-21 15:23:20 debug: Auth Success /products/11 - PATCH - ::1
2021-08-21 15:23:20 http: PATCH /products/11 404 43.818 ms - 32
2021-08-21 15:23:32 debug: Auth Success /products/11 - PATCH - ::1
2021-08-21 15:23:32 http: PATCH /products/11 404 12.110 ms - 32
2021-08-21 15:23:33 debug: Auth Success /products/11 - PATCH - ::1
2021-08-21 15:23:33 http: PATCH /products/11 404 4.781 ms - 32
2021-08-21 15:23:38 debug: Auth Success /products/11 - PATCH - ::1
2021-08-21 15:23:38 http: PATCH /products/11 200 46.833 ms - 29
2021-08-21 15:24:16 debug: Server started and running on port : 3000
2021-08-21 15:24:16 debug: Connection has been established successfully.
2021-08-21 15:24:25 debug: Auth Success /products/11 - PATCH - ::1
2021-08-21 15:24:25 http: PATCH /products/11 404 57.776 ms - 49
2021-08-21 15:24:34 debug: Auth Success /products/11 - PATCH - ::1
2021-08-21 15:24:34 http: PATCH /products/11 200 48.958 ms - 29
2021-08-21 15:24:44 debug: Auth Success /products/11 - PATCH - ::1
2021-08-21 15:24:45 http: PATCH /products/11 200 95.344 ms - 29
2021-08-21 15:25:17 error: Auth failed /products - GET - ::1 - /
2021-08-21 15:25:17 http: GET /products 401 1.818 ms - 25
2021-08-21 15:25:33 debug: Auth Success /products - GET - ::1
2021-08-21 15:25:33 http: GET /products 200 70.410 ms - 486
2021-08-21 17:06:25 debug: Server started and running on port : 3000
2021-08-21 17:06:25 debug: Connection has been established successfully.
2021-08-21 17:10:03 debug: Server started and running on port : 3000
2021-08-21 17:10:03 debug: Connection has been established successfully.
2021-08-21 18:07:57 debug: Server started and running on port : 3000
2021-08-21 18:07:57 debug: Connection has been established successfully.
2021-08-21 18:08:10 debug: Server started and running on port : 3000
2021-08-21 18:08:10 debug: Connection has been established successfully.
2021-08-21 18:08:20 debug: Server started and running on port : 3000
2021-08-21 18:08:20 debug: Connection has been established successfully.
2021-08-21 18:08:51 debug: Server started and running on port : 3000
2021-08-21 18:08:51 debug: Connection has been established successfully.
2021-08-21 18:08:59 debug: Server started and running on port : 3000
2021-08-21 18:08:59 debug: Connection has been established successfully.
2021-08-21 18:09:12 debug: Server started and running on port : 3000
2021-08-21 18:09:12 debug: Connection has been established successfully.
2021-08-21 18:09:17 debug: Server started and running on port : 3000
2021-08-21 18:09:17 debug: Connection has been established successfully.
2021-08-21 18:09:31 debug: Server started and running on port : 3000
2021-08-21 18:09:31 debug: Connection has been established successfully.
2021-08-21 18:09:40 debug: Server started and running on port : 3000
2021-08-21 18:09:40 debug: Connection has been established successfully.
2021-08-21 18:09:48 debug: Server started and running on port : 3000
2021-08-21 18:09:48 debug: Connection has been established successfully.
2021-08-21 18:10:03 debug: Server started and running on port : 3000
2021-08-21 18:10:03 debug: Connection has been established successfully.
2021-08-21 18:10:12 debug: Server started and running on port : 3000
2021-08-21 18:10:12 debug: Connection has been established successfully.
2021-08-21 18:10:51 debug: Server started and running on port : 3000
2021-08-21 18:10:51 debug: Connection has been established successfully.
2021-08-21 18:10:55 debug: Server started and running on port : 3000
2021-08-21 18:10:55 debug: Connection has been established successfully.
2021-08-21 18:12:27 error: Auth failed /orders - POST - ::1 - /
2021-08-21 18:12:27 http: POST /orders 401 5.889 ms - 25
2021-08-21 18:12:35 http: POST /users/signin 200 430.114 ms - 262
2021-08-21 18:13:07 debug: Auth Success /orders - POST - ::1
2021-08-21 18:13:07 http: POST /orders 500 3.217 ms - 32
2021-08-21 18:14:08 debug: Server started and running on port : 3000
2021-08-21 18:14:08 debug: Connection has been established successfully.
2021-08-21 18:15:48 debug: Server started and running on port : 3000
2021-08-21 18:15:48 debug: Connection has been established successfully.
2021-08-21 18:15:51 debug: Auth Success /orders - POST - ::1
2021-08-21 18:15:51 http: POST /orders 500 7.473 ms - 32
2021-08-21 18:15:53 debug: Auth Success /orders - POST - ::1
2021-08-21 18:15:53 http: POST /orders 500 2.047 ms - 32
2021-08-21 18:15:58 debug: Server started and running on port : 3000
2021-08-21 18:15:58 debug: Connection has been established successfully.
2021-08-21 18:15:59 debug: Auth Success /orders - POST - ::1
2021-08-21 18:15:59 error: Error message: productDetails is not defined,Req details: /orders - POST - ::1
2021-08-21 18:15:59 http: POST /orders 500 9.960 ms - 43
2021-08-21 18:16:35 debug: Auth Success /orders - POST - ::1
2021-08-21 18:16:35 error: Error message: productDetails is not defined,Req details: /orders - POST - ::1
2021-08-21 18:16:35 http: POST /orders 500 6.758 ms - 43
2021-08-21 18:18:00 debug: Server started and running on port : 3000
2021-08-21 18:18:00 debug: Connection has been established successfully.
2021-08-21 18:18:04 debug: Auth Success /orders - POST - ::1
2021-08-21 18:18:04 error: Error message: productDetails is not defined,Req details: /orders - POST - ::1
2021-08-21 18:18:04 http: POST /orders 500 13.329 ms - 43
2021-08-21 18:18:32 debug: Server started and running on port : 3000
2021-08-21 18:18:33 debug: Connection has been established successfully.
2021-08-21 18:18:41 debug: Server started and running on port : 3000
2021-08-21 18:18:41 debug: Connection has been established successfully.
2021-08-21 18:19:28 debug: Server started and running on port : 3000
2021-08-21 18:19:29 debug: Connection has been established successfully.
2021-08-21 18:19:31 debug: Server started and running on port : 3000
2021-08-21 18:19:31 debug: Connection has been established successfully.
2021-08-21 18:19:33 debug: Auth Success /orders - POST - ::1
2021-08-21 18:19:33 error: Error message: productDetails is not defined,Req details: /orders - POST - ::1
2021-08-21 18:19:33 http: POST /orders 500 10.086 ms - 43
2021-08-21 18:20:30 debug: Server started and running on port : 3000
2021-08-21 18:20:30 debug: Connection has been established successfully.
2021-08-21 18:20:32 debug: Server started and running on port : 3000
2021-08-21 18:20:32 debug: Connection has been established successfully.
2021-08-21 18:20:34 debug: Auth Success /orders - POST - ::1
2021-08-21 18:20:44 http: POST /orders - - ms - -
2021-08-21 19:14:11 debug: Server started and running on port : 3000
2021-08-21 19:14:11 debug: Connection has been established successfully.
2021-08-21 19:14:15 debug: Server started and running on port : 3000
2021-08-21 19:14:15 debug: Connection has been established successfully.
2021-08-21 19:21:17 debug: Server started and running on port : 3000
2021-08-21 19:21:17 debug: Connection has been established successfully.
2021-08-21 19:21:23 debug: Server started and running on port : 3000
2021-08-21 19:21:23 debug: Connection has been established successfully.
2021-08-21 19:24:58 debug: Server started and running on port : 3000
2021-08-21 19:24:58 debug: Connection has been established successfully.
2021-08-21 19:25:01 debug: Server started and running on port : 3000
2021-08-21 19:25:01 debug: Connection has been established successfully.
2021-08-21 19:25:06 debug: Server started and running on port : 3000
2021-08-21 19:25:06 debug: Connection has been established successfully.
2021-08-21 19:25:08 debug: Server started and running on port : 3000
2021-08-21 19:25:08 debug: Connection has been established successfully.
2021-08-21 19:26:04 debug: Server started and running on port : 3000
2021-08-21 19:26:04 debug: Connection has been established successfully.
2021-08-21 19:28:20 debug: Server started and running on port : 3000
2021-08-21 19:28:20 debug: Connection has been established successfully.
2021-08-21 19:30:30 debug: Server started and running on port : 3000
2021-08-21 19:30:30 debug: Connection has been established successfully.
2021-08-21 19:30:57 debug: Server started and running on port : 3000
2021-08-21 19:30:57 debug: Connection has been established successfully.
2021-08-21 19:31:00 debug: Server started and running on port : 3000
2021-08-21 19:31:00 debug: Connection has been established successfully.
2021-08-21 19:31:21 debug: Server started and running on port : 3000
2021-08-21 19:31:21 debug: Connection has been established successfully.
2021-08-21 19:31:31 error: Auth failed /orders - POST - ::1 - /
2021-08-21 19:31:31 http: POST /orders 401 7.667 ms - 25
2021-08-21 19:31:34 http: POST /users/signin 200 111.491 ms - 262
2021-08-21 19:31:50 debug: Auth Success /orders - POST - ::1
2021-08-21 19:31:55 debug: Server started and running on port : 3000
2021-08-21 19:31:55 debug: Connection has been established successfully.
2021-08-21 19:31:57 debug: Auth Success /orders - POST - ::1
2021-08-21 19:32:05 debug: Server started and running on port : 3000
2021-08-21 19:32:05 debug: Connection has been established successfully.
2021-08-21 19:32:09 debug: Auth Success /orders - POST - ::1
2021-08-21 19:32:28 debug: Server started and running on port : 3000
2021-08-21 19:32:28 debug: Connection has been established successfully.
2021-08-21 19:32:30 debug: Server started and running on port : 3000
2021-08-21 19:32:30 debug: Connection has been established successfully.
2021-08-21 19:32:33 debug: Auth Success /orders - POST - ::1
2021-08-21 19:33:17 debug: Server started and running on port : 3000
2021-08-21 19:33:17 debug: Connection has been established successfully.
2021-08-21 19:33:19 debug: Server started and running on port : 3000
2021-08-21 19:33:20 debug: Connection has been established successfully.
2021-08-21 19:33:44 debug: Server started and running on port : 3000
2021-08-21 19:33:44 debug: Connection has been established successfully.
2021-08-21 22:17:54 debug: Server started and running on port : 3000
2021-08-21 22:17:55 debug: Connection has been established successfully.
2021-08-21 22:18:23 debug: Server started and running on port : 3000
2021-08-21 22:18:23 debug: Connection has been established successfully.
2021-08-21 22:18:29 debug: Server started and running on port : 3000
2021-08-21 22:18:29 debug: Connection has been established successfully.
2021-08-21 22:20:32 debug: Server started and running on port : 3000
2021-08-21 22:20:32 debug: Connection has been established successfully.
2021-08-21 22:20:59 debug: Server started and running on port : 3000
2021-08-21 22:20:59 debug: Connection has been established successfully.
2021-08-21 22:22:07 debug: Server started and running on port : 3000
2021-08-21 22:22:08 debug: Connection has been established successfully.
2021-08-21 22:22:37 http: POST /users/signin 200 114.579 ms - 262
2021-08-21 22:23:00 debug: Auth Success /orders - POST - ::1
2021-08-21 22:23:29 debug: Server started and running on port : 3000
2021-08-21 22:23:29 debug: Connection has been established successfully.
2021-08-21 22:24:24 debug: Server started and running on port : 3000
2021-08-21 22:24:24 debug: Connection has been established successfully.
2021-08-21 22:24:55 debug: Auth Success /orders - POST - ::1
2021-08-21 22:26:18 debug: Server started and running on port : 3000
2021-08-21 22:26:18 debug: Connection has been established successfully.
2021-08-21 22:26:22 debug: Auth Success /orders - POST - ::1
2021-08-21 22:26:22 http: POST /orders 500 55.271 ms - 83
2021-08-21 22:27:35 debug: Server started and running on port : 3000
2021-08-21 22:27:35 debug: Connection has been established successfully.
2021-08-21 22:27:58 debug: Server started and running on port : 3000
2021-08-21 22:27:58 debug: Connection has been established successfully.
2021-08-21 22:28:37 debug: Auth Success /orders - POST - ::1
2021-08-21 22:30:06 http: POST /orders - - ms - -
2021-08-21 22:30:08 debug: Auth Success /orders - POST - ::1
2021-08-21 22:30:39 debug: Server started and running on port : 3000
2021-08-21 22:30:40 debug: Connection has been established successfully.
2021-08-21 22:30:52 debug: Auth Success /orders - POST - ::1
2021-08-21 22:31:56 debug: Server started and running on port : 3000
2021-08-21 22:31:57 debug: Connection has been established successfully.
2021-08-21 22:31:58 debug: Auth Success /orders - POST - ::1
2021-08-21 22:32:10 debug: Server started and running on port : 3000
2021-08-21 22:32:10 debug: Connection has been established successfully.
2021-08-21 22:32:22 debug: Auth Success /orders - POST - ::1
2021-08-21 22:33:00 debug: Server started and running on port : 3000
2021-08-21 22:33:00 debug: Connection has been established successfully.
2021-08-21 22:33:31 debug: Server started and running on port : 3000
2021-08-21 22:33:31 debug: Connection has been established successfully.
2021-08-21 22:35:00 debug: Server started and running on port : 3000
2021-08-21 22:35:00 debug: Connection has been established successfully.
2021-08-21 22:36:02 debug: Server started and running on port : 3000
2021-08-21 22:36:02 debug: Connection has been established successfully.
2021-08-21 22:36:24 debug: Server started and running on port : 3000
2021-08-21 22:36:24 debug: Connection has been established successfully.
2021-08-21 22:44:54 debug: Server started and running on port : 3000
2021-08-21 22:44:54 debug: Connection has been established successfully.
2021-08-21 22:45:04 debug: Server started and running on port : 3000
2021-08-21 22:45:04 debug: Connection has been established successfully.
2021-08-21 22:45:26 debug: Auth Success /orders - POST - ::1
2021-08-21 22:46:07 http: POST /orders - - ms - -
2021-08-21 22:46:13 debug: Auth Success /orders - POST - ::1
2021-08-21 22:46:36 http: POST /orders - - ms - -
2021-08-21 22:46:42 debug: Auth Success /orders - POST - ::1
2021-08-21 22:47:41 debug: Server started and running on port : 3000
2021-08-21 22:47:41 debug: Connection has been established successfully.
2021-08-21 22:47:56 debug: Auth Success /orders - POST - ::1
2021-08-21 22:48:14 debug: Server started and running on port : 3000
2021-08-21 22:48:14 debug: Connection has been established successfully.
2021-08-21 22:50:15 debug: Server started and running on port : 3000
2021-08-21 22:50:15 debug: Connection has been established successfully.
2021-08-21 22:50:34 debug: Server started and running on port : 3000
2021-08-21 22:50:34 debug: Connection has been established successfully.
2021-08-21 22:50:50 debug: Server started and running on port : 3000
2021-08-21 22:50:51 debug: Connection has been established successfully.
2021-08-21 22:50:53 debug: Auth Success /orders - POST - ::1
2021-08-21 22:51:14 http: POST /orders - - ms - -
2021-08-21 22:51:15 debug: Auth Success /orders - POST - ::1
2021-08-21 22:51:31 http: POST /orders - - ms - -
2021-08-21 22:51:38 debug: Auth Success /orders - POST - ::1
2021-08-21 22:52:30 debug: Server started and running on port : 3000
2021-08-21 22:52:30 debug: Connection has been established successfully.
2021-08-21 22:52:32 debug: Server started and running on port : 3000
2021-08-21 22:52:32 debug: Connection has been established successfully.
2021-08-21 22:52:59 debug: Server started and running on port : 3000
2021-08-21 22:53:00 debug: Connection has been established successfully.
2021-08-21 22:53:01 debug: Server started and running on port : 3000
2021-08-21 22:53:01 debug: Connection has been established successfully.
2021-08-21 22:53:04 debug: Server started and running on port : 3000
2021-08-21 22:53:04 debug: Connection has been established successfully.
2021-08-21 22:54:46 debug: Auth Success /orders - POST - ::1
2021-08-21 22:55:01 debug: Server started and running on port : 3000
2021-08-21 22:55:01 debug: Connection has been established successfully.
2021-08-21 22:55:06 debug: Auth Success /orders - POST - ::1
2021-08-21 22:55:07 http: POST /orders 200 104.974 ms - 90
2021-08-21 22:56:45 error: Auth failed /orders - GET - ::1 - /
2021-08-21 22:56:45 http: GET /orders 401 2.318 ms - 25
2021-08-21 22:57:07 debug: Auth Success /orders - GET - ::1
2021-08-21 22:57:07 http: GET /orders 200 12.425 ms - 2
2021-08-21 22:57:45 debug: Server started and running on port : 3000
2021-08-21 22:57:45 debug: Connection has been established successfully.
2021-08-21 22:58:16 debug: Server started and running on port : 3000
2021-08-21 22:58:16 debug: Connection has been established successfully.
2021-08-21 22:58:23 debug: Server started and running on port : 3000
2021-08-21 22:58:23 debug: Connection has been established successfully.
2021-08-21 23:05:56 debug: Server started and running on port : 3000
2021-08-21 23:05:56 debug: Connection has been established successfully.
2021-08-21 23:06:07 debug: Auth Success /orders - GET - ::1
2021-08-21 23:06:07 http: GET /orders 200 19.859 ms - 274
2021-08-21 23:09:34 debug: Server started and running on port : 3000
2021-08-21 23:09:34 debug: Connection has been established successfully.
2021-08-21 23:10:11 debug: Server started and running on port : 3000
2021-08-21 23:10:11 debug: Connection has been established successfully.
2021-08-21 23:11:08 debug: Auth Success /orders - GET - ::1
2021-08-21 23:11:08 http: GET /orders 200 19.794 ms - 274
2021-08-21 23:11:49 debug: Auth Success /orders - POST - ::1
2021-08-21 23:11:50 http: POST /orders 200 212.741 ms - 90
2021-08-21 23:13:06 debug: Server started and running on port : 3000
2021-08-21 23:13:06 debug: Connection has been established successfully.
2021-08-21 23:30:31 debug: Server started and running on port : 3000
2021-08-21 23:30:31 debug: Connection has been established successfully.
2021-08-21 23:31:45 debug: Server started and running on port : 3000
2021-08-21 23:31:45 debug: Connection has been established successfully.
2021-08-21 23:32:17 debug: Server started and running on port : 3000
2021-08-21 23:32:17 debug: Connection has been established successfully.
2021-08-21 23:36:19 error: Auth failed /orders - GET - ::1 - /
2021-08-21 23:36:19 http: GET /orders 401 8.249 ms - 25
2021-08-21 23:36:29 http: POST /users/signin 200 129.242 ms - 262
2021-08-21 23:36:44 debug: Auth Success /orders - GET - ::1
2021-08-21 23:36:44 http: GET /orders 200 95.478 ms - 495
2021-08-21 23:39:22 debug: Server started and running on port : 3000
2021-08-21 23:39:22 debug: Connection has been established successfully.
2021-08-21 23:39:49 debug: Server started and running on port : 3000
2021-08-21 23:39:49 debug: Connection has been established successfully.
2021-08-21 23:39:56 debug: Server started and running on port : 3000
2021-08-21 23:39:56 debug: Connection has been established successfully.
2021-08-21 23:41:29 debug: Server started and running on port : 3000
2021-08-21 23:41:29 debug: Connection has been established successfully.
2021-08-21 23:42:55 debug: Server started and running on port : 3000
2021-08-21 23:42:55 debug: Connection has been established successfully.
2021-08-21 23:43:11 debug: Server started and running on port : 3000
2021-08-21 23:43:11 debug: Connection has been established successfully.
2021-08-21 23:43:28 debug: Server started and running on port : 3000
2021-08-21 23:43:28 debug: Connection has been established successfully.
2021-08-21 23:44:11 debug: Server started and running on port : 3000
2021-08-21 23:44:11 debug: Connection has been established successfully.
2021-08-21 23:44:19 debug: Server started and running on port : 3000
2021-08-21 23:44:19 debug: Connection has been established successfully.
2021-08-21 23:44:22 error: Auth failed /orders/id/1/quantity/3 - GET - ::1 - /id/1/quantity/3
2021-08-21 23:44:22 http: GET /orders/id/1/quantity/3 401 5.454 ms - 25
2021-08-21 23:44:28 error: Auth failed /orders/id/1/quantity/3 - PATCH - ::1 - /id/1/quantity/3
2021-08-21 23:44:28 http: PATCH /orders/id/1/quantity/3 401 2.327 ms - 25
2021-08-21 23:44:53 debug: Auth Success /orders/id/1/quantity/3 - PATCH - ::1
2021-08-21 23:44:53 http: PATCH /orders/id/1/quantity/3 200 58.483 ms - 35
2021-08-21 23:45:19 debug: Auth Success /orders - GET - ::1
2021-08-21 23:45:19 http: GET /orders 200 29.034 ms - 495
2021-08-21 23:48:17 debug: Auth Success /orders/id/1/quantity/3 - PATCH - ::1
2021-08-21 23:48:17 http: PATCH /orders/id/1/quantity/3 200 9.184 ms - 35
2021-08-21 23:48:49 debug: Server started and running on port : 3000
2021-08-21 23:48:49 debug: Connection has been established successfully.
2021-08-21 23:50:20 debug: Server started and running on port : 3000
2021-08-21 23:50:20 debug: Connection has been established successfully.
2021-08-21 23:52:49 debug: Server started and running on port : 3000
2021-08-21 23:52:50 debug: Connection has been established successfully.
2021-08-21 23:54:09 debug: Server started and running on port : 3000
2021-08-21 23:54:09 debug: Connection has been established successfully.
2021-08-21 23:55:42 debug: Server started and running on port : 3000
2021-08-21 23:55:42 debug: Connection has been established successfully.
2021-08-21 23:56:01 debug: Server started and running on port : 3000
2021-08-21 23:56:01 debug: Connection has been established successfully.
2021-08-21 23:56:08 debug: Server started and running on port : 3000
2021-08-21 23:56:08 debug: Connection has been established successfully.
2021-08-21 23:56:42 debug: Server started and running on port : 3000
2021-08-21 23:56:42 debug: Connection has been established successfully.
2021-08-21 23:57:21 debug: Server started and running on port : 3000
2021-08-21 23:57:21 debug: Connection has been established successfully.
2021-08-21 23:58:12 debug: Server started and running on port : 3000
2021-08-21 23:58:13 debug: Connection has been established successfully.
2021-08-21 23:58:21 debug: Auth Success /orders - GET - ::1
2021-08-21 23:58:21 http: GET /orders 200 13.380 ms - 495
2021-08-22 00:00:40 debug: Auth Success /orders?id=2 - DELETE - ::1
2021-08-22 00:00:40 http: DELETE /orders?id=2 200 97.126 ms - 27
2021-08-22 00:00:52 debug: Auth Success /orders - GET - ::1
2021-08-22 00:00:52 http: GET /orders 200 92.871 ms - 274
2021-08-22 00:01:02 debug: Server started and running on port : 3000
2021-08-22 00:01:02 debug: Connection has been established successfully.
