2021-08-21 03:04:14 error: undefined
2021-08-21 03:04:14 error: Error message: Invalid salt. Salt must be in the form of: $Vers$log2(NumRounds)$saltvalue,Req details: /users/signup - POST - ::1
2021-08-21 03:05:47 error: undefined
2021-08-21 03:05:47 error: Error message: Invalid salt. Salt must be in the form of: $Vers$log2(NumRounds)$saltvalue,Req details: /users/signup - POST - ::1
2021-08-21 03:25:24 error: undefined
2021-08-21 03:25:24 error: Error message: Cannot read property 'then' of undefined,Req details: /users/signup - POST - ::1
2021-08-21 14:49:10 error: Auth failed /products/2 - PATCH - ::1 - /2
2021-08-21 14:52:57 error: Auth failed /products/2 - PATCH - ::1 - /2
2021-08-21 14:53:42 error: Auth failed /products - PATCH - ::1 - /
2021-08-21 14:53:46 error: Auth failed /products - PATCH - ::1 - /
2021-08-21 15:03:04 error: Auth failed /products - POST - ::1 - /
2021-08-21 15:25:17 error: Auth failed /products - GET - ::1 - /
2021-08-21 18:12:27 error: Auth failed /orders - POST - ::1 - /
2021-08-21 18:15:59 error: Error message: productDetails is not defined,Req details: /orders - POST - ::1
2021-08-21 18:16:35 error: Error message: productDetails is not defined,Req details: /orders - POST - ::1
2021-08-21 18:18:04 error: Error message: productDetails is not defined,Req details: /orders - POST - ::1
2021-08-21 18:19:33 error: Error message: productDetails is not defined,Req details: /orders - POST - ::1
2021-08-21 19:31:31 error: Auth failed /orders - POST - ::1 - /
2021-08-21 22:56:45 error: Auth failed /orders - GET - ::1 - /
2021-08-21 23:36:19 error: Auth failed /orders - GET - ::1 - /
2021-08-21 23:44:22 error: Auth failed /orders/id/1/quantity/3 - GET - ::1 - /id/1/quantity/3
2021-08-21 23:44:28 error: Auth failed /orders/id/1/quantity/3 - PATCH - ::1 - /id/1/quantity/3
